e:\projects\labexample\sdl_demo\debug\stdafx.obj
e:\projects\labexample\sdl_demo\debug\vc142.pdb
e:\projects\labexample\sdl_demo\debug\vc142.idb
e:\projects\labexample\sdl_demo\debug\userinput.obj
e:\projects\labexample\sdl_demo\debug\sdl_demo.obj
e:\projects\labexample\sdl_demo\debug\сoordinate_system.obj
e:\projects\labexample\sdl_demo\debug\picture1.obj
e:\projects\labexample\sdl_demo\debug\draw.obj
e:\projects\labexample\sdl_demo\debug\graphie.obj
e:\projects\labexample\debug\labexample.exe
e:\projects\labexample\debug\labexample.ilk
e:\projects\labexample\debug\labexample.pdb
e:\projects\labexample\sdl_demo\debug\vc142_ib_1.idb
e:\projects\labexample\sdl_demo\debug\vc142_ib_2.idb
e:\projects\labexample\sdl_demo\debug\vc142_ib_1.pdb
e:\projects\labexample\sdl_demo\debug\vc142_ib_2.pdb
e:\projects\labexample\sdl_demo\debug\labexample.tlog\cl.command.1.tlog
e:\projects\labexample\sdl_demo\debug\labexample.tlog\cl.read.1.tlog
e:\projects\labexample\sdl_demo\debug\labexample.tlog\cl.write.1.tlog
e:\projects\labexample\sdl_demo\debug\labexample.tlog\link.command.1.tlog
e:\projects\labexample\sdl_demo\debug\labexample.tlog\link.read.1.tlog
e:\projects\labexample\sdl_demo\debug\labexample.tlog\link.write.1.tlog
